<?xml version="1.0" encoding="UTF-8" standalone="yes" ?>
<test-results name="D:\git\Мои проекты\Blog\FastSerializerTest\Win32\Debug\FastSerializerTest.exe" total="1002" errors="0" failures="0" ignored="0" inconclusive="0" not-run="0" skipped="0" invalid="0" date="2017-08-29" time="0.454">
  <culture-info current-culture="en" current-uiculture="en" />
  <test-suite type="Assembly" name="FastSerializerTest.exe" executed="true" result="Success" success="True" time="0.454" asserts="0">
    <results>
        <test-suite type="Namespace" name="Test" executed="true" result="Success" success="True" time="0.453" asserts="0" >
          <results>
              <test-suite type="Fixture" name="TMyTestObject" executed="True" result="Success" success="True" time="0.453" >
                <results>
                  <test-case name="Test2.TestA" executed="True" result="Success" success="True" time="0.000" asserts="0" />
                  <test-case name="Test2.TestB" executed="True" result="Success" success="True" time="0.000" asserts="0" />
                  <test-suite type="Fixture" name="TestXSuperObject" executed="True" result="Success" success="True" time="0.453" >
                    <results>
                      <test-case name="TestXSuperObject-1-of-1000" executed="True" result="Success" success="True" time="0.001" asserts="0" />
                      <test-case name="TestXSuperObject-2-of-1000" executed="True" result="Success" success="True" time="0.000" asserts="0" />
                      <test-case name="TestXSuperObject-3-of-1000" executed="True" result="Success" success="True" time="0.001" asserts="0" />
                      <test-case name="TestXSuperObject-4-of-1000" executed="True" result="Success" success="True" time="0.000" asserts="0" />
                      <test-case name="TestXSuperObject-5-of-1000" executed="True" result="Success" success="True" time="0.000" asserts="0" />
                      <test-case name="TestXSuperObject-6-of-1000" executed="True" result="Success" success="True" time="0.000" asserts="0" />
                      <test-case name="TestXSuperObject-7-of-1000" executed="True" result="Success" success="True" time="0.000" asserts="0" />
                      <test-case name="TestXSuperObject-8-of-1000" executed="True" result="Success" success="True" time="0.001" asserts="0" />
                      <test-case name="TestXSuperObject-9-of-1000" executed="True" result="Success" success="True" time="0.000" asserts="0" />
                      <test-case name="TestXSuperObject-10-of-1000" executed="True" result="Success" success="True" time="0.001" asserts="0" />
                      <test-case name="TestXSuperObject-11-of-1000" executed="True" result="Success" success="True" time="0.001" asserts="0" />
                      <test-case name="TestXSuperObject-12-of-1000" executed="True" result="Success" success="True" time="0.001" asserts="0" />
                      <test-case name="TestXSuperObject-13-of-1000" executed="True" result="Success" success="True" time="0.000" asserts="0" />
                      <test-case name="TestXSuperObject-14-of-1000" executed="True" result="Success" success="True" time="0.000" asserts="0" />
                      <test-case name="TestXSuperObject-15-of-1000" executed="True" result="Success" success="True" time="0.000" asserts="0" />
                      <test-case name="TestXSuperObject-16-of-1000" executed="True" result="Success" success="True" time="0.000" asserts="0" />
                      <test-case name="TestXSuperObject-17-of-1000" executed="True" result="Success" success="True" time="0.001" asserts="0" />
                      <test-case name="TestXSuperObject-18-of-1000" executed="True" result="Success" success="True" time="0.000" asserts="0" />
                      <test-case name="TestXSuperObject-19-of-1000" executed="True" result="Success" success="True" time="0.000" asserts="0" />
                      <test-case name="TestXSuperObject-20-of-1000" executed="True" result="Success" success="True" time="0.001" asserts="0" />
                      <test-case name="TestXSuperObject-21-of-1000" executed="True" result="Success" success="True" time="0.000" asserts="0" />
                      <test-case name="TestXSuperObject-22-of-1000" executed="True" result="Success" success="True" time="0.001" asserts="0" />
                      <test-case name="TestXSuperObject-23-of-1000" executed="True" result="Success" success="True" time="0.000" asserts="0" />
                      <test-case name="TestXSuperObject-24-of-1000" executed="True" result="Success" success="True" time="0.000" asserts="0" />
                      <test-case name="TestXSuperObject-25-of-1000" executed="True" result="Success" success="True" time="0.001" asserts="0" />
                      <test-case name="TestXSuperObject-26-of-1000" executed="True" result="Success" success="True" time="0.000" asserts="0" />
                      <test-case name="TestXSuperObject-27-of-1000" executed="True" result="Success" success="True" time="0.001" asserts="0" />
                      <test-case name="TestXSuperObject-28-of-1000" executed="True" result="Success" success="True" time="0.000" asserts="0" />
                      <test-case name="TestXSuperObject-29-of-1000" executed="True" result="Success" success="True" time="0.001" asserts="0" />
                      <test-case name="TestXSuperObject-30-of-1000" executed="True" result="Success" success="True" time="0.000" asserts="0" />
                      <test-case name="TestXSuperObject-31-of-1000" executed="True" result="Success" success="True" time="0.001" asserts="0" />
                      <test-case name="TestXSuperObject-32-of-1000" executed="True" result="Success" success="True" time="0.000" asserts="0" />
                      <test-case name="TestXSuperObject-33-of-1000" executed="True" result="Success" success="True" time="0.000" asserts="0" />
                      <test-case name="TestXSuperObject-34-of-1000" executed="True" result="Success" success="True" time="0.000" asserts="0" />
                      <test-case name="TestXSuperObject-35-of-1000" executed="True" result="Success" success="True" time="0.000" asserts="0" />
                      <test-case name="TestXSuperObject-36-of-1000" executed="True" result="Success" success="True" time="0.001" asserts="0" />
                      <test-case name="TestXSuperObject-37-of-1000" executed="True" result="Success" success="True" time="0.000" asserts="0" />
                      <test-case name="TestXSuperObject-38-of-1000" executed="True" result="Success" success="True" time="0.001" asserts="0" />
                      <test-case name="TestXSuperObject-39-of-1000" executed="True" result="Success" success="True" time="0.000" asserts="0" />
                      <test-case name="TestXSuperObject-40-of-1000" executed="True" result="Success" success="True" time="0.000" asserts="0" />
                      <test-case name="TestXSuperObject-41-of-1000" executed="True" result="Success" success="True" time="0.000" asserts="0" />
                      <test-case name="TestXSuperObject-42-of-1000" executed="True" result="Success" success="True" time="0.001" asserts="0" />
                      <test-case name="TestXSuperObject-43-of-1000" executed="True" result="Success" success="True" time="0.000" asserts="0" />
                      <test-case name="TestXSuperObject-44-of-1000" executed="True" result="Success" success="True" time="0.001" asserts="0" />
                      <test-case name="TestXSuperObject-45-of-1000" executed="True" result="Success" success="True" time="0.000" asserts="0" />
                      <test-case name="TestXSuperObject-46-of-1000" executed="True" result="Success" success="True" time="0.001" asserts="0" />
                      <test-case name="TestXSuperObject-47-of-1000" executed="True" result="Success" success="True" time="0.000" asserts="0" />
                      <test-case name="TestXSuperObject-48-of-1000" executed="True" result="Success" success="True" time="0.001" asserts="0" />
                      <test-case name="TestXSuperObject-49-of-1000" executed="True" result="Success" success="True" time="0.000" asserts="0" />
                      <test-case name="TestXSuperObject-50-of-1000" executed="True" result="Success" success="True" time="0.001" asserts="0" />
                      <test-case name="TestXSuperObject-51-of-1000" executed="True" result="Success" success="True" time="0.000" asserts="0" />
                      <test-case name="TestXSuperObject-52-of-1000" executed="True" result="Success" success="True" time="0.000" asserts="0" />
                      <test-case name="TestXSuperObject-53-of-1000" executed="True" result="Success" success="True" time="0.001" asserts="0" />
                      <test-case name="TestXSuperObject-54-of-1000" executed="True" result="Success" success="True" time="0.000" asserts="0" />
                      <test-case name="TestXSuperObject-55-of-1000" executed="True" result="Success" success="True" time="0.000" asserts="0" />
                      <test-case name="TestXSuperObject-56-of-1000" executed="True" result="Success" success="True" time="0.001" asserts="0" />
                      <test-case name="TestXSuperObject-57-of-1000" executed="True" result="Success" success="True" time="0.000" asserts="0" />
                      <test-case name="TestXSuperObject-58-of-1000" executed="True" result="Success" success="True" time="0.001" asserts="0" />
                      <test-case name="TestXSuperObject-59-of-1000" executed="True" result="Success" success="True" time="0.000" asserts="0" />
                      <test-case name="TestXSuperObject-60-of-1000" executed="True" result="Success" success="True" time="0.000" asserts="0" />
                      <test-case name="TestXSuperObject-61-of-1000" executed="True" result="Success" success="True" time="0.001" asserts="0" />
                      <test-case name="TestXSuperObject-62-of-1000" executed="True" result="Success" success="True" time="0.000" asserts="0" />
                      <test-case name="TestXSuperObject-63-of-1000" executed="True" result="Success" success="True" time="0.000" asserts="0" />
                      <test-case name="TestXSuperObject-64-of-1000" executed="True" result="Success" success="True" time="0.001" asserts="0" />
                      <test-case name="TestXSuperObject-65-of-1000" executed="True" result="Success" success="True" time="0.000" asserts="0" />
                      <test-case name="TestXSuperObject-66-of-1000" executed="True" result="Success" success="True" time="0.000" asserts="0" />
                      <test-case name="TestXSuperObject-67-of-1000" executed="True" result="Success" success="True" time="0.001" asserts="0" />
                      <test-case name="TestXSuperObject-68-of-1000" executed="True" result="Success" success="True" time="0.000" asserts="0" />
                      <test-case name="TestXSuperObject-69-of-1000" executed="True" result="Success" success="True" time="0.001" asserts="0" />
                      <test-case name="TestXSuperObject-70-of-1000" executed="True" result="Success" success="True" time="0.000" asserts="0" />
                      <test-case name="TestXSuperObject-71-of-1000" executed="True" result="Success" success="True" time="0.000" asserts="0" />
                      <test-case name="TestXSuperObject-72-of-1000" executed="True" result="Success" success="True" time="0.001" asserts="0" />
                      <test-case name="TestXSuperObject-73-of-1000" executed="True" result="Success" success="True" time="0.000" asserts="0" />
                      <test-case name="TestXSuperObject-74-of-1000" executed="True" result="Success" success="True" time="0.000" asserts="0" />
                      <test-case name="TestXSuperObject-75-of-1000" executed="True" result="Success" success="True" time="0.001" asserts="0" />
                      <test-case name="TestXSuperObject-76-of-1000" executed="True" result="Success" success="True" time="0.000" asserts="0" />
                      <test-case name="TestXSuperObject-77-of-1000" executed="True" result="Success" success="True" time="0.001" asserts="0" />
                      <test-case name="TestXSuperObject-78-of-1000" executed="True" result="Success" success="True" time="0.000" asserts="0" />
                      <test-case name="TestXSuperObject-79-of-1000" executed="True" result="Success" success="True" time="0.001" asserts="0" />
                      <test-case name="TestXSuperObject-80-of-1000" executed="True" result="Success" success="True" time="0.000" asserts="0" />
                      <test-case name="TestXSuperObject-81-of-1000" executed="True" result="Success" success="True" time="0.001" asserts="0" />
                      <test-case name="TestXSuperObject-82-of-1000" executed="True" result="Success" success="True" time="0.000" asserts="0" />
                      <test-case name="TestXSuperObject-83-of-1000" executed="True" result="Success" success="True" time="0.000" asserts="0" />
                      <test-case name="TestXSuperObject-84-of-1000" executed="True" result="Success" success="True" time="0.001" asserts="0" />
                      <test-case name="TestXSuperObject-85-of-1000" executed="True" result="Success" success="True" time="0.000" asserts="0" />
                      <test-case name="TestXSuperObject-86-of-1000" executed="True" result="Success" success="True" time="0.001" asserts="0" />
                      <test-case name="TestXSuperObject-87-of-1000" executed="True" result="Success" success="True" time="0.000" asserts="0" />
                      <test-case name="TestXSuperObject-88-of-1000" executed="True" result="Success" success="True" time="0.001" asserts="0" />
                      <test-case name="TestXSuperObject-89-of-1000" executed="True" result="Success" success="True" time="0.000" asserts="0" />
                      <test-case name="TestXSuperObject-90-of-1000" executed="True" result="Success" success="True" time="0.001" asserts="0" />
                      <test-case name="TestXSuperObject-91-of-1000" executed="True" result="Success" success="True" time="0.000" asserts="0" />
                      <test-case name="TestXSuperObject-92-of-1000" executed="True" result="Success" success="True" time="0.001" asserts="0" />
                      <test-case name="TestXSuperObject-93-of-1000" executed="True" result="Success" success="True" time="0.000" asserts="0" />
                      <test-case name="TestXSuperObject-94-of-1000" executed="True" result="Success" success="True" time="0.001" asserts="0" />
                      <test-case name="TestXSuperObject-95-of-1000" executed="True" result="Success" success="True" time="0.000" asserts="0" />
                      <test-case name="TestXSuperObject-96-of-1000" executed="True" result="Success" success="True" time="0.001" asserts="0" />
                      <test-case name="TestXSuperObject-97-of-1000" executed="True" result="Success" success="True" time="0.000" asserts="0" />
                      <test-case name="TestXSuperObject-98-of-1000" executed="True" result="Success" success="True" time="0.001" asserts="0" />
                      <test-case name="TestXSuperObject-99-of-1000" executed="True" result="Success" success="True" time="0.000" asserts="0" />
                      <test-case name="TestXSuperObject-100-of-1000" executed="True" result="Success" success="True" time="0.001" asserts="0" />
                      <test-case name="TestXSuperObject-101-of-1000" executed="True" result="Success" success="True" time="0.000" asserts="0" />
                      <test-case name="TestXSuperObject-102-of-1000" executed="True" result="Success" success="True" time="0.001" asserts="0" />
                      <test-case name="TestXSuperObject-103-of-1000" executed="True" result="Success" success="True" time="0.000" asserts="0" />
                      <test-case name="TestXSuperObject-104-of-1000" executed="True" result="Success" success="True" time="0.001" asserts="0" />
                      <test-case name="TestXSuperObject-105-of-1000" executed="True" result="Success" success="True" time="0.000" asserts="0" />
                      <test-case name="TestXSuperObject-106-of-1000" executed="True" result="Success" success="True" time="0.000" asserts="0" />
                      <test-case name="TestXSuperObject-107-of-1000" executed="True" result="Success" success="True" time="0.000" asserts="0" />
                      <test-case name="TestXSuperObject-108-of-1000" executed="True" result="Success" success="True" time="0.000" asserts="0" />
                      <test-case name="TestXSuperObject-109-of-1000" executed="True" result="Success" success="True" time="0.000" asserts="0" />
                      <test-case name="TestXSuperObject-110-of-1000" executed="True" result="Success" success="True" time="0.000" asserts="0" />
                      <test-case name="TestXSuperObject-111-of-1000" executed="True" result="Success" success="True" time="0.000" asserts="0" />
                      <test-case name="TestXSuperObject-112-of-1000" executed="True" result="Success" success="True" time="0.001" asserts="0" />
                      <test-case name="TestXSuperObject-113-of-1000" executed="True" result="Success" success="True" time="0.000" asserts="0" />
                      <test-case name="TestXSuperObject-114-of-1000" executed="True" result="Success" success="True" time="0.001" asserts="0" />
                      <test-case name="TestXSuperObject-115-of-1000" executed="True" result="Success" success="True" time="0.000" asserts="0" />
                      <test-case name="TestXSuperObject-116-of-1000" executed="True" result="Success" success="True" time="0.001" asserts="0" />
                      <test-case name="TestXSuperObject-117-of-1000" executed="True" result="Success" success="True" time="0.000" asserts="0" />
                      <test-case name="TestXSuperObject-118-of-1000" executed="True" result="Success" success="True" time="0.001" asserts="0" />
                      <test-case name="TestXSuperObject-119-of-1000" executed="True" result="Success" success="True" time="0.000" asserts="0" />
                      <test-case name="TestXSuperObject-120-of-1000" executed="True" result="Success" success="True" time="0.001" asserts="0" />
                      <test-case name="TestXSuperObject-121-of-1000" executed="True" result="Success" success="True" time="0.000" asserts="0" />
                      <test-case name="TestXSuperObject-122-of-1000" executed="True" result="Success" success="True" time="0.000" asserts="0" />
                      <test-case name="TestXSuperObject-123-of-1000" executed="True" result="Success" success="True" time="0.001" asserts="0" />
                      <test-case name="TestXSuperObject-124-of-1000" executed="True" result="Success" success="True" time="0.000" asserts="0" />
                      <test-case name="TestXSuperObject-125-of-1000" executed="True" result="Success" success="True" time="0.001" asserts="0" />
                      <test-case name="TestXSuperObject-126-of-1000" executed="True" result="Success" success="True" time="0.000" asserts="0" />
                      <test-case name="TestXSuperObject-127-of-1000" executed="True" result="Success" success="True" time="0.000" asserts="0" />
                      <test-case name="TestXSuperObject-128-of-1000" executed="True" result="Success" success="True" time="0.001" asserts="0" />
                      <test-case name="TestXSuperObject-129-of-1000" executed="True" result="Success" success="True" time="0.000" asserts="0" />
                      <test-case name="TestXSuperObject-130-of-1000" executed="True" result="Success" success="True" time="0.001" asserts="0" />
                      <test-case name="TestXSuperObject-131-of-1000" executed="True" result="Success" success="True" time="0.000" asserts="0" />
                      <test-case name="TestXSuperObject-132-of-1000" executed="True" result="Success" success="True" time="0.000" asserts="0" />
                      <test-case name="TestXSuperObject-133-of-1000" executed="True" result="Success" success="True" time="0.000" asserts="0" />
                      <test-case name="TestXSuperObject-134-of-1000" executed="True" result="Success" success="True" time="0.000" asserts="0" />
                      <test-case name="TestXSuperObject-135-of-1000" executed="True" result="Success" success="True" time="0.001" asserts="0" />
                      <test-case name="TestXSuperObject-136-of-1000" executed="True" result="Success" success="True" time="0.000" asserts="0" />
                      <test-case name="TestXSuperObject-137-of-1000" executed="True" result="Success" success="True" time="0.000" asserts="0" />
                      <test-case name="TestXSuperObject-138-of-1000" executed="True" result="Success" success="True" time="0.000" asserts="0" />
                      <test-case name="TestXSuperObject-139-of-1000" executed="True" result="Success" success="True" time="0.001" asserts="0" />
                      <test-case name="TestXSuperObject-140-of-1000" executed="True" result="Success" success="True" time="0.000" asserts="0" />
                      <test-case name="TestXSuperObject-141-of-1000" executed="True" result="Success" success="True" time="0.000" asserts="0" />
                      <test-case name="TestXSuperObject-142-of-1000" executed="True" result="Success" success="True" time="0.000" asserts="0" />
                      <test-case name="TestXSuperObject-143-of-1000" executed="True" result="Success" success="True" time="0.000" asserts="0" />
                      <test-case name="TestXSuperObject-144-of-1000" executed="True" result="Success" success="True" time="0.001" asserts="0" />
                      <test-case name="TestXSuperObject-145-of-1000" executed="True" result="Success" success="True" time="0.000" asserts="0" />
                      <test-case name="TestXSuperObject-146-of-1000" executed="True" result="Success" success="True" time="0.001" asserts="0" />
                      <test-case name="TestXSuperObject-147-of-1000" executed="True" result="Success" success="True" time="0.000" asserts="0" />
                      <test-case name="TestXSuperObject-148-of-1000" executed="True" result="Success" success="True" time="0.001" asserts="0" />
                      <test-case name="TestXSuperObject-149-of-1000" executed="True" result="Success" success="True" time="0.000" asserts="0" />
                      <test-case name="TestXSuperObject-150-of-1000" executed="True" result="Success" success="True" time="0.000" asserts="0" />
                      <test-case name="TestXSuperObject-151-of-1000" executed="True" result="Success" success="True" time="0.000" asserts="0" />
                      <test-case name="TestXSuperObject-152-of-1000" executed="True" result="Success" success="True" time="0.000" asserts="0" />
                      <test-case name="TestXSuperObject-153-of-1000" executed="True" result="Success" success="True" time="0.000" asserts="0" />
                      <test-case name="TestXSuperObject-154-of-1000" executed="True" result="Success" success="True" time="0.001" asserts="0" />
                      <test-case name="TestXSuperObject-155-of-1000" executed="True" result="Success" success="True" time="0.000" asserts="0" />
                      <test-case name="TestXSuperObject-156-of-1000" executed="True" result="Success" success="True" time="0.000" asserts="0" />
                      <test-case name="TestXSuperObject-157-of-1000" executed="True" result="Success" success="True" time="0.001" asserts="0" />
                      <test-case name="TestXSuperObject-158-of-1000" executed="True" result="Success" success="True" time="0.000" asserts="0" />
                      <test-case name="TestXSuperObject-159-of-1000" executed="True" result="Success" success="True" time="0.001" asserts="0" />
                      <test-case name="TestXSuperObject-160-of-1000" executed="True" result="Success" success="True" time="0.000" asserts="0" />
                      <test-case name="TestXSuperObject-161-of-1000" executed="True" result="Success" success="True" time="0.001" asserts="0" />
                      <test-case name="TestXSuperObject-162-of-1000" executed="True" result="Success" success="True" time="0.000" asserts="0" />
                      <test-case name="TestXSuperObject-163-of-1000" executed="True" result="Success" success="True" time="0.000" asserts="0" />
                      <test-case name="TestXSuperObject-164-of-1000" executed="True" result="Success" success="True" time="0.001" asserts="0" />
                      <test-case name="TestXSuperObject-165-of-1000" executed="True" result="Success" success="True" time="0.000" asserts="0" />
                      <test-case name="TestXSuperObject-166-of-1000" executed="True" result="Success" success="True" time="0.001" asserts="0" />
                      <test-case name="TestXSuperObject-167-of-1000" executed="True" result="Success" success="True" time="0.000" asserts="0" />
                      <test-case name="TestXSuperObject-168-of-1000" executed="True" result="Success" success="True" time="0.001" asserts="0" />
                      <test-case name="TestXSuperObject-169-of-1000" executed="True" result="Success" success="True" time="0.000" asserts="0" />
                      <test-case name="TestXSuperObject-170-of-1000" executed="True" result="Success" success="True" time="0.000" asserts="0" />
                      <test-case name="TestXSuperObject-171-of-1000" executed="True" result="Success" success="True" time="0.000" asserts="0" />
                      <test-case name="TestXSuperObject-172-of-1000" executed="True" result="Success" success="True" time="0.000" asserts="0" />
                      <test-case name="TestXSuperObject-173-of-1000" executed="True" result="Success" success="True" time="0.001" asserts="0" />
                      <test-case name="TestXSuperObject-174-of-1000" executed="True" result="Success" success="True" time="0.000" asserts="0" />
                      <test-case name="TestXSuperObject-175-of-1000" executed="True" result="Success" success="True" time="0.001" asserts="0" />
                      <test-case name="TestXSuperObject-176-of-1000" executed="True" result="Success" success="True" time="0.000" asserts="0" />
                      <test-case name="TestXSuperObject-177-of-1000" executed="True" result="Success" success="True" time="0.000" asserts="0" />
                      <test-case name="TestXSuperObject-178-of-1000" executed="True" result="Success" success="True" time="0.000" asserts="0" />
                      <test-case name="TestXSuperObject-179-of-1000" executed="True" result="Success" success="True" time="0.001" asserts="0" />
                      <test-case name="TestXSuperObject-180-of-1000" executed="True" result="Success" success="True" time="0.000" asserts="0" />
                      <test-case name="TestXSuperObject-181-of-1000" executed="True" result="Success" success="True" time="0.001" asserts="0" />
                      <test-case name="TestXSuperObject-182-of-1000" executed="True" result="Success" success="True" time="0.000" asserts="0" />
                      <test-case name="TestXSuperObject-183-of-1000" executed="True" result="Success" success="True" time="0.001" asserts="0" />
                      <test-case name="TestXSuperObject-184-of-1000" executed="True" result="Success" success="True" time="0.001" asserts="0" />
                      <test-case name="TestXSuperObject-185-of-1000" executed="True" result="Success" success="True" time="0.000" asserts="0" />
                      <test-case name="TestXSuperObject-186-of-1000" executed="True" result="Success" success="True" time="0.001" asserts="0" />
                      <test-case name="TestXSuperObject-187-of-1000" executed="True" result="Success" success="True" time="0.000" asserts="0" />
                      <test-case name="TestXSuperObject-188-of-1000" executed="True" result="Success" success="True" time="0.001" asserts="0" />
                      <test-case name="TestXSuperObject-189-of-1000" executed="True" result="Success" success="True" time="0.000" asserts="0" />
                      <test-case name="TestXSuperObject-190-of-1000" executed="True" result="Success" success="True" time="0.001" asserts="0" />
                      <test-case name="TestXSuperObject-191-of-1000" executed="True" result="Success" success="True" time="0.000" asserts="0" />
                      <test-case name="TestXSuperObject-192-of-1000" executed="True" result="Success" success="True" time="0.000" asserts="0" />
                      <test-case name="TestXSuperObject-193-of-1000" executed="True" result="Success" success="True" time="0.000" asserts="0" />
                      <test-case name="TestXSuperObject-194-of-1000" executed="True" result="Success" success="True" time="0.001" asserts="0" />
                      <test-case name="TestXSuperObject-195-of-1000" executed="True" result="Success" success="True" time="0.000" asserts="0" />
                      <test-case name="TestXSuperObject-196-of-1000" executed="True" result="Success" success="True" time="0.001" asserts="0" />
                      <test-case name="TestXSuperObject-197-of-1000" executed="True" result="Success" success="True" time="0.000" asserts="0" />
                      <test-case name="TestXSuperObject-198-of-1000" executed="True" result="Success" success="True" time="0.001" asserts="0" />
                      <test-case name="TestXSuperObject-199-of-1000" executed="True" result="Success" success="True" time="0.000" asserts="0" />
                      <test-case name="TestXSuperObject-200-of-1000" executed="True" result="Success" success="True" time="0.000" asserts="0" />
                      <test-case name="TestXSuperObject-201-of-1000" executed="True" result="Success" success="True" time="0.001" asserts="0" />
                      <test-case name="TestXSuperObject-202-of-1000" executed="True" result="Success" success="True" time="0.000" asserts="0" />
                      <test-case name="TestXSuperObject-203-of-1000" executed="True" result="Success" success="True" time="0.001" asserts="0" />
                      <test-case name="TestXSuperObject-204-of-1000" executed="True" result="Success" success="True" time="0.000" asserts="0" />
                      <test-case name="TestXSuperObject-205-of-1000" executed="True" result="Success" success="True" time="0.000" asserts="0" />
                      <test-case name="TestXSuperObject-206-of-1000" executed="True" result="Success" success="True" time="0.000" asserts="0" />
                      <test-case name="TestXSuperObject-207-of-1000" executed="True" result="Success" success="True" time="0.000" asserts="0" />
                      <test-case name="TestXSuperObject-208-of-1000" executed="True" result="Success" success="True" time="0.001" asserts="0" />
                      <test-case name="TestXSuperObject-209-of-1000" executed="True" result="Success" success="True" time="0.000" asserts="0" />
                      <test-case name="TestXSuperObject-210-of-1000" executed="True" result="Success" success="True" time="0.000" asserts="0" />
                      <test-case name="TestXSuperObject-211-of-1000" executed="True" result="Success" success="True" time="0.001" asserts="0" />
                      <test-case name="TestXSuperObject-212-of-1000" executed="True" result="Success" success="True" time="0.001" asserts="0" />
                      <test-case name="TestXSuperObject-213-of-1000" executed="True" result="Success" success="True" time="0.000" asserts="0" />
                      <test-case name="TestXSuperObject-214-of-1000" executed="True" result="Success" success="True" time="0.001" asserts="0" />
                      <test-case name="TestXSuperObject-215-of-1000" executed="True" result="Success" success="True" time="0.000" asserts="0" />
                      <test-case name="TestXSuperObject-216-of-1000" executed="True" result="Success" success="True" time="0.001" asserts="0" />
                      <test-case name="TestXSuperObject-217-of-1000" executed="True" result="Success" success="True" time="0.000" asserts="0" />
                      <test-case name="TestXSuperObject-218-of-1000" executed="True" result="Success" success="True" time="0.001" asserts="0" />
                      <test-case name="TestXSuperObject-219-of-1000" executed="True" result="Success" success="True" time="0.000" asserts="0" />
                      <test-case name="TestXSuperObject-220-of-1000" executed="True" result="Success" success="True" time="0.000" asserts="0" />
                      <test-case name="TestXSuperObject-221-of-1000" executed="True" result="Success" success="True" time="0.000" asserts="0" />
                      <test-case name="TestXSuperObject-222-of-1000" executed="True" result="Success" success="True" time="0.000" asserts="0" />
                      <test-case name="TestXSuperObject-223-of-1000" executed="True" result="Success" success="True" time="0.001" asserts="0" />
                      <test-case name="TestXSuperObject-224-of-1000" executed="True" result="Success" success="True" time="0.000" asserts="0" />
                      <test-case name="TestXSuperObject-225-of-1000" executed="True" result="Success" success="True" time="0.000" asserts="0" />
                      <test-case name="TestXSuperObject-226-of-1000" executed="True" result="Success" success="True" time="0.000" asserts="0" />
                      <test-case name="TestXSuperObject-227-of-1000" executed="True" result="Success" success="True" time="0.000" asserts="0" />
                      <test-case name="TestXSuperObject-228-of-1000" executed="True" result="Success" success="True" time="0.001" asserts="0" />
                      <test-case name="TestXSuperObject-229-of-1000" executed="True" result="Success" success="True" time="0.000" asserts="0" />
                      <test-case name="TestXSuperObject-230-of-1000" executed="True" result="Success" success="True" time="0.001" asserts="0" />
                      <test-case name="TestXSuperObject-231-of-1000" executed="True" result="Success" success="True" time="0.000" asserts="0" />
                      <test-case name="TestXSuperObject-232-of-1000" executed="True" result="Success" success="True" time="0.000" asserts="0" />
                      <test-case name="TestXSuperObject-233-of-1000" executed="True" result="Success" success="True" time="0.001" asserts="0" />
                      <test-case name="TestXSuperObject-234-of-1000" executed="True" result="Success" success="True" time="0.000" asserts="0" />
                      <test-case name="TestXSuperObject-235-of-1000" executed="True" result="Success" success="True" time="0.000" asserts="0" />
                      <test-case name="TestXSuperObject-236-of-1000" executed="True" result="Success" success="True" time="0.000" asserts="0" />
                      <test-case name="TestXSuperObject-237-of-1000" executed="True" result="Success" success="True" time="0.000" asserts="0" />
                      <test-case name="TestXSuperObject-238-of-1000" executed="True" result="Success" success="True" time="0.001" asserts="0" />
                      <test-case name="TestXSuperObject-239-of-1000" executed="True" result="Success" success="True" time="0.000" asserts="0" />
                      <test-case name="TestXSuperObject-240-of-1000" executed="True" result="Success" success="True" time="0.001" asserts="0" />
                      <test-case name="TestXSuperObject-241-of-1000" executed="True" result="Success" success="True" time="0.000" asserts="0" />
                      <test-case name="TestXSuperObject-242-of-1000" executed="True" result="Success" success="True" time="0.000" asserts="0" />
                      <test-case name="TestXSuperObject-243-of-1000" executed="True" result="Success" success="True" time="0.001" asserts="0" />
                      <test-case name="TestXSuperObject-244-of-1000" executed="True" result="Success" success="True" time="0.000" asserts="0" />
                      <test-case name="TestXSuperObject-245-of-1000" executed="True" result="Success" success="True" time="0.001" asserts="0" />
                      <test-case name="TestXSuperObject-246-of-1000" executed="True" result="Success" success="True" time="0.000" asserts="0" />
                      <test-case name="TestXSuperObject-247-of-1000" executed="True" result="Success" success="True" time="0.001" asserts="0" />
                      <test-case name="TestXSuperObject-248-of-1000" executed="True" result="Success" success="True" time="0.000" asserts="0" />
                      <test-case name="TestXSuperObject-249-of-1000" executed="True" result="Success" success="True" time="0.001" asserts="0" />
                      <test-case name="TestXSuperObject-250-of-1000" executed="True" result="Success" success="True" time="0.000" asserts="0" />
                      <test-case name="TestXSuperObject-251-of-1000" executed="True" result="Success" success="True" time="0.001" asserts="0" />
                      <test-case name="TestXSuperObject-252-of-1000" executed="True" result="Success" success="True" time="0.001" asserts="0" />
                      <test-case name="TestXSuperObject-253-of-1000" executed="True" result="Success" success="True" time="0.000" asserts="0" />
                      <test-case name="TestXSuperObject-254-of-1000" executed="True" result="Success" success="True" time="0.001" asserts="0" />
                      <test-case name="TestXSuperObject-255-of-1000" executed="True" result="Success" success="True" time="0.000" asserts="0" />
                      <test-case name="TestXSuperObject-256-of-1000" executed="True" result="Success" success="True" time="0.001" asserts="0" />
                      <test-case name="TestXSuperObject-257-of-1000" executed="True" result="Success" success="True" time="0.000" asserts="0" />
                      <test-case name="TestXSuperObject-258-of-1000" executed="True" result="Success" success="True" time="0.001" asserts="0" />
                      <test-case name="TestXSuperObject-259-of-1000" executed="True" result="Success" success="True" time="0.000" asserts="0" />
                      <test-case name="TestXSuperObject-260-of-1000" executed="True" result="Success" success="True" time="0.001" asserts="0" />
                      <test-case name="TestXSuperObject-261-of-1000" executed="True" result="Success" success="True" time="0.000" asserts="0" />
                      <test-case name="TestXSuperObject-262-of-1000" executed="True" result="Success" success="True" time="0.001" asserts="0" />
                      <test-case name="TestXSuperObject-263-of-1000" executed="True" result="Success" success="True" time="0.000" asserts="0" />
                      <test-case name="TestXSuperObject-264-of-1000" executed="True" result="Success" success="True" time="0.001" asserts="0" />
                      <test-case name="TestXSuperObject-265-of-1000" executed="True" result="Success" success="True" time="0.000" asserts="0" />
                      <test-case name="TestXSuperObject-266-of-1000" executed="True" result="Success" success="True" time="0.000" asserts="0" />
                      <test-case name="TestXSuperObject-267-of-1000" executed="True" result="Success" success="True" time="0.000" asserts="0" />
                      <test-case name="TestXSuperObject-268-of-1000" executed="True" result="Success" success="True" time="0.000" asserts="0" />
                      <test-case name="TestXSuperObject-269-of-1000" executed="True" result="Success" success="True" time="0.001" asserts="0" />
                      <test-case name="TestXSuperObject-270-of-1000" executed="True" result="Success" success="True" time="0.000" asserts="0" />
                      <test-case name="TestXSuperObject-271-of-1000" executed="True" result="Success" success="True" time="0.000" asserts="0" />
                      <test-case name="TestXSuperObject-272-of-1000" executed="True" result="Success" success="True" time="0.001" asserts="0" />
                      <test-case name="TestXSuperObject-273-of-1000" executed="True" result="Success" success="True" time="0.000" asserts="0" />
                      <test-case name="TestXSuperObject-274-of-1000" executed="True" result="Success" success="True" time="0.000" asserts="0" />
                      <test-case name="TestXSuperObject-275-of-1000" executed="True" result="Success" success="True" time="0.000" asserts="0" />
                      <test-case name="TestXSuperObject-276-of-1000" executed="True" result="Success" success="True" time="0.000" asserts="0" />
                      <test-case name="TestXSuperObject-277-of-1000" executed="True" result="Success" success="True" time="0.001" asserts="0" />
                      <test-case name="TestXSuperObject-278-of-1000" executed="True" result="Success" success="True" time="0.000" asserts="0" />
                      <test-case name="TestXSuperObject-279-of-1000" executed="True" result="Success" success="True" time="0.000" asserts="0" />
                      <test-case name="TestXSuperObject-280-of-1000" executed="True" result="Success" success="True" time="0.001" asserts="0" />
                      <test-case name="TestXSuperObject-281-of-1000" executed="True" result="Success" success="True" time="0.001" asserts="0" />
                      <test-case name="TestXSuperObject-282-of-1000" executed="True" result="Success" success="True" time="0.000" asserts="0" />
                      <test-case name="TestXSuperObject-283-of-1000" executed="True" result="Success" success="True" time="0.001" asserts="0" />
                      <test-case name="TestXSuperObject-284-of-1000" executed="True" result="Success" success="True" time="0.000" asserts="0" />
                      <test-case name="TestXSuperObject-285-of-1000" executed="True" result="Success" success="True" time="0.000" asserts="0" />
                      <test-case name="TestXSuperObject-286-of-1000" executed="True" result="Success" success="True" time="0.000" asserts="0" />
                      <test-case name="TestXSuperObject-287-of-1000" executed="True" result="Success" success="True" time="0.000" asserts="0" />
                      <test-case name="TestXSuperObject-288-of-1000" executed="True" result="Success" success="True" time="0.001" asserts="0" />
                      <test-case name="TestXSuperObject-289-of-1000" executed="True" result="Success" success="True" time="0.000" asserts="0" />
                      <test-case name="TestXSuperObject-290-of-1000" executed="True" result="Success" success="True" time="0.000" asserts="0" />
                      <test-case name="TestXSuperObject-291-of-1000" executed="True" result="Success" success="True" time="0.001" asserts="0" />
                      <test-case name="TestXSuperObject-292-of-1000" executed="True" result="Success" success="True" time="0.000" asserts="0" />
                      <test-case name="TestXSuperObject-293-of-1000" executed="True" result="Success" success="True" time="0.001" asserts="0" />
                      <test-case name="TestXSuperObject-294-of-1000" executed="True" result="Success" success="True" time="0.000" asserts="0" />
                      <test-case name="TestXSuperObject-295-of-1000" executed="True" result="Success" success="True" time="0.000" asserts="0" />
                      <test-case name="TestXSuperObject-296-of-1000" executed="True" result="Success" success="True" time="0.001" asserts="0" />
                      <test-case name="TestXSuperObject-297-of-1000" executed="True" result="Success" success="True" time="0.000" asserts="0" />
                      <test-case name="TestXSuperObject-298-of-1000" executed="True" result="Success" success="True" time="0.000" asserts="0" />
                      <test-case name="TestXSuperObject-299-of-1000" executed="True" result="Success" success="True" time="0.001" asserts="0" />
                      <test-case name="TestXSuperObject-300-of-1000" executed="True" result="Success" success="True" time="0.000" asserts="0" />
                      <test-case name="TestXSuperObject-301-of-1000" executed="True" result="Success" success="True" time="0.001" asserts="0" />
                      <test-case name="TestXSuperObject-302-of-1000" executed="True" result="Success" success="True" time="0.000" asserts="0" />
                      <test-case name="TestXSuperObject-303-of-1000" executed="True" result="Success" success="True" time="0.000" asserts="0" />
                      <test-case name="TestXSuperObject-304-of-1000" executed="True" result="Success" success="True" time="0.001" asserts="0" />
                      <test-case name="TestXSuperObject-305-of-1000" executed="True" result="Success" success="True" time="0.000" asserts="0" />
                      <test-case name="TestXSuperObject-306-of-1000" executed="True" result="Success" success="True" time="0.000" asserts="0" />
                      <test-case name="TestXSuperObject-307-of-1000" executed="True" result="Success" success="True" time="0.001" asserts="0" />
                      <test-case name="TestXSuperObject-308-of-1000" executed="True" result="Success" success="True" time="0.000" asserts="0" />
                      <test-case name="TestXSuperObject-309-of-1000" executed="True" result="Success" success="True" time="0.000" asserts="0" />
                      <test-case name="TestXSuperObject-310-of-1000" executed="True" result="Success" success="True" time="0.000" asserts="0" />
                      <test-case name="TestXSuperObject-311-of-1000" executed="True" result="Success" success="True" time="0.000" asserts="0" />
                      <test-case name="TestXSuperObject-312-of-1000" executed="True" result="Success" success="True" time="0.001" asserts="0" />
                      <test-case name="TestXSuperObject-313-of-1000" executed="True" result="Success" success="True" time="0.000" asserts="0" />
                      <test-case name="TestXSuperObject-314-of-1000" executed="True" result="Success" success="True" time="0.000" asserts="0" />
                      <test-case name="TestXSuperObject-315-of-1000" executed="True" result="Success" success="True" time="0.001" asserts="0" />
                      <test-case name="TestXSuperObject-316-of-1000" executed="True" result="Success" success="True" time="0.000" asserts="0" />
                      <test-case name="TestXSuperObject-317-of-1000" executed="True" result="Success" success="True" time="0.000" asserts="0" />
                      <test-case name="TestXSuperObject-318-of-1000" executed="True" result="Success" success="True" time="0.001" asserts="0" />
                      <test-case name="TestXSuperObject-319-of-1000" executed="True" result="Success" success="True" time="0.000" asserts="0" />
                      <test-case name="TestXSuperObject-320-of-1000" executed="True" result="Success" success="True" time="0.000" asserts="0" />
                      <test-case name="TestXSuperObject-321-of-1000" executed="True" result="Success" success="True" time="0.001" asserts="0" />
                      <test-case name="TestXSuperObject-322-of-1000" executed="True" result="Success" success="True" time="0.000" asserts="0" />
                      <test-case name="TestXSuperObject-323-of-1000" executed="True" result="Success" success="True" time="0.000" asserts="0" />
                      <test-case name="TestXSuperObject-324-of-1000" executed="True" result="Success" success="True" time="0.001" asserts="0" />
                      <test-case name="TestXSuperObject-325-of-1000" executed="True" result="Success" success="True" time="0.000" asserts="0" />
                      <test-case name="TestXSuperObject-326-of-1000" executed="True" result="Success" success="True" time="0.001" asserts="0" />
                      <test-case name="TestXSuperObject-327-of-1000" executed="True" result="Success" success="True" time="0.000" asserts="0" />
                      <test-case name="TestXSuperObject-328-of-1000" executed="True" result="Success" success="True" time="0.001" asserts="0" />
                      <test-case name="TestXSuperObject-329-of-1000" executed="True" result="Success" success="True" time="0.000" asserts="0" />
                      <test-case name="TestXSuperObject-330-of-1000" executed="True" result="Success" success="True" time="0.000" asserts="0" />
                      <test-case name="TestXSuperObject-331-of-1000" executed="True" result="Success" success="True" time="0.001" asserts="0" />
                      <test-case name="TestXSuperObject-332-of-1000" executed="True" result="Success" success="True" time="0.000" asserts="0" />
                      <test-case name="TestXSuperObject-333-of-1000" executed="True" result="Success" success="True" time="0.000" asserts="0" />
                      <test-case name="TestXSuperObject-334-of-1000" executed="True" result="Success" success="True" time="0.000" asserts="0" />
                      <test-case name="TestXSuperObject-335-of-1000" executed="True" result="Success" success="True" time="0.000" asserts="0" />
                      <test-case name="TestXSuperObject-336-of-1000" executed="True" result="Success" success="True" time="0.001" asserts="0" />
                      <test-case name="TestXSuperObject-337-of-1000" executed="True" result="Success" success="True" time="0.000" asserts="0" />
                      <test-case name="TestXSuperObject-338-of-1000" executed="True" result="Success" success="True" time="0.001" asserts="0" />
                      <test-case name="TestXSuperObject-339-of-1000" executed="True" result="Success" success="True" time="0.000" asserts="0" />
                      <test-case name="TestXSuperObject-340-of-1000" executed="True" result="Success" success="True" time="0.001" asserts="0" />
                      <test-case name="TestXSuperObject-341-of-1000" executed="True" result="Success" success="True" time="0.000" asserts="0" />
                      <test-case name="TestXSuperObject-342-of-1000" executed="True" result="Success" success="True" time="0.001" asserts="0" />
                      <test-case name="TestXSuperObject-343-of-1000" executed="True" result="Success" success="True" time="0.000" asserts="0" />
                      <test-case name="TestXSuperObject-344-of-1000" executed="True" result="Success" success="True" time="0.001" asserts="0" />
                      <test-case name="TestXSuperObject-345-of-1000" executed="True" result="Success" success="True" time="0.000" asserts="0" />
                      <test-case name="TestXSuperObject-346-of-1000" executed="True" result="Success" success="True" time="0.000" asserts="0" />
                      <test-case name="TestXSuperObject-347-of-1000" executed="True" result="Success" success="True" time="0.001" asserts="0" />
                      <test-case name="TestXSuperObject-348-of-1000" executed="True" result="Success" success="True" time="0.000" asserts="0" />
                      <test-case name="TestXSuperObject-349-of-1000" executed="True" result="Success" success="True" time="0.001" asserts="0" />
                      <test-case name="TestXSuperObject-350-of-1000" executed="True" result="Success" success="True" time="0.000" asserts="0" />
                      <test-case name="TestXSuperObject-351-of-1000" executed="True" result="Success" success="True" time="0.000" asserts="0" />
                      <test-case name="TestXSuperObject-352-of-1000" executed="True" result="Success" success="True" time="0.001" asserts="0" />
                      <test-case name="TestXSuperObject-353-of-1000" executed="True" result="Success" success="True" time="0.000" asserts="0" />
                      <test-case name="TestXSuperObject-354-of-1000" executed="True" result="Success" success="True" time="0.000" asserts="0" />
                      <test-case name="TestXSuperObject-355-of-1000" executed="True" result="Success" success="True" time="0.001" asserts="0" />
                      <test-case name="TestXSuperObject-356-of-1000" executed="True" result="Success" success="True" time="0.000" asserts="0" />
                      <test-case name="TestXSuperObject-357-of-1000" executed="True" result="Success" success="True" time="0.001" asserts="0" />
                      <test-case name="TestXSuperObject-358-of-1000" executed="True" result="Success" success="True" time="0.000" asserts="0" />
                      <test-case name="TestXSuperObject-359-of-1000" executed="True" result="Success" success="True" time="0.000" asserts="0" />
                      <test-case name="TestXSuperObject-360-of-1000" executed="True" result="Success" success="True" time="0.000" asserts="0" />
                      <test-case name="TestXSuperObject-361-of-1000" executed="True" result="Success" success="True" time="0.000" asserts="0" />
                      <test-case name="TestXSuperObject-362-of-1000" executed="True" result="Success" success="True" time="0.000" asserts="0" />
                      <test-case name="TestXSuperObject-363-of-1000" executed="True" result="Success" success="True" time="0.000" asserts="0" />
                      <test-case name="TestXSuperObject-364-of-1000" executed="True" result="Success" success="True" time="0.000" asserts="0" />
                      <test-case name="TestXSuperObject-365-of-1000" executed="True" result="Success" success="True" time="0.000" asserts="0" />
                      <test-case name="TestXSuperObject-366-of-1000" executed="True" result="Success" success="True" time="0.000" asserts="0" />
                      <test-case name="TestXSuperObject-367-of-1000" executed="True" result="Success" success="True" time="0.001" asserts="0" />
                      <test-case name="TestXSuperObject-368-of-1000" executed="True" result="Success" success="True" time="0.000" asserts="0" />
                      <test-case name="TestXSuperObject-369-of-1000" executed="True" result="Success" success="True" time="0.001" asserts="0" />
                      <test-case name="TestXSuperObject-370-of-1000" executed="True" result="Success" success="True" time="0.000" asserts="0" />
                      <test-case name="TestXSuperObject-371-of-1000" executed="True" result="Success" success="True" time="0.001" asserts="0" />
                      <test-case name="TestXSuperObject-372-of-1000" executed="True" result="Success" success="True" time="0.000" asserts="0" />
                      <test-case name="TestXSuperObject-373-of-1000" executed="True" result="Success" success="True" time="0.000" asserts="0" />
                      <test-case name="TestXSuperObject-374-of-1000" executed="True" result="Success" success="True" time="0.000" asserts="0" />
                      <test-case name="TestXSuperObject-375-of-1000" executed="True" result="Success" success="True" time="0.000" asserts="0" />
                      <test-case name="TestXSuperObject-376-of-1000" executed="True" result="Success" success="True" time="0.001" asserts="0" />
                      <test-case name="TestXSuperObject-377-of-1000" executed="True" result="Success" success="True" time="0.000" asserts="0" />
                      <test-case name="TestXSuperObject-378-of-1000" executed="True" result="Success" success="True" time="0.000" asserts="0" />
                      <test-case name="TestXSuperObject-379-of-1000" executed="True" result="Success" success="True" time="0.001" asserts="0" />
                      <test-case name="TestXSuperObject-380-of-1000" executed="True" result="Success" success="True" time="0.000" asserts="0" />
                      <test-case name="TestXSuperObject-381-of-1000" executed="True" result="Success" success="True" time="0.001" asserts="0" />
                      <test-case name="TestXSuperObject-382-of-1000" executed="True" result="Success" success="True" time="0.000" asserts="0" />
                      <test-case name="TestXSuperObject-383-of-1000" executed="True" result="Success" success="True" time="0.000" asserts="0" />
                      <test-case name="TestXSuperObject-384-of-1000" executed="True" result="Success" success="True" time="0.001" asserts="0" />
                      <test-case name="TestXSuperObject-385-of-1000" executed="True" result="Success" success="True" time="0.000" asserts="0" />
                      <test-case name="TestXSuperObject-386-of-1000" executed="True" result="Success" success="True" time="0.001" asserts="0" />
                      <test-case name="TestXSuperObject-387-of-1000" executed="True" result="Success" success="True" time="0.000" asserts="0" />
                      <test-case name="TestXSuperObject-388-of-1000" executed="True" result="Success" success="True" time="0.001" asserts="0" />
                      <test-case name="TestXSuperObject-389-of-1000" executed="True" result="Success" success="True" time="0.000" asserts="0" />
                      <test-case name="TestXSuperObject-390-of-1000" executed="True" result="Success" success="True" time="0.001" asserts="0" />
                      <test-case name="TestXSuperObject-391-of-1000" executed="True" result="Success" success="True" time="0.000" asserts="0" />
                      <test-case name="TestXSuperObject-392-of-1000" executed="True" result="Success" success="True" time="0.001" asserts="0" />
                      <test-case name="TestXSuperObject-393-of-1000" executed="True" result="Success" success="True" time="0.000" asserts="0" />
                      <test-case name="TestXSuperObject-394-of-1000" executed="True" result="Success" success="True" time="0.001" asserts="0" />
                      <test-case name="TestXSuperObject-395-of-1000" executed="True" result="Success" success="True" time="0.000" asserts="0" />
                      <test-case name="TestXSuperObject-396-of-1000" executed="True" result="Success" success="True" time="0.001" asserts="0" />
                      <test-case name="TestXSuperObject-397-of-1000" executed="True" result="Success" success="True" time="0.000" asserts="0" />
                      <test-case name="TestXSuperObject-398-of-1000" executed="True" result="Success" success="True" time="0.001" asserts="0" />
                      <test-case name="TestXSuperObject-399-of-1000" executed="True" result="Success" success="True" time="0.000" asserts="0" />
                      <test-case name="TestXSuperObject-400-of-1000" executed="True" result="Success" success="True" time="0.001" asserts="0" />
                      <test-case name="TestXSuperObject-401-of-1000" executed="True" result="Success" success="True" time="0.000" asserts="0" />
                      <test-case name="TestXSuperObject-402-of-1000" executed="True" result="Success" success="True" time="0.001" asserts="0" />
                      <test-case name="TestXSuperObject-403-of-1000" executed="True" result="Success" success="True" time="0.000" asserts="0" />
                      <test-case name="TestXSuperObject-404-of-1000" executed="True" result="Success" success="True" time="0.001" asserts="0" />
                      <test-case name="TestXSuperObject-405-of-1000" executed="True" result="Success" success="True" time="0.000" asserts="0" />
                      <test-case name="TestXSuperObject-406-of-1000" executed="True" result="Success" success="True" time="0.001" asserts="0" />
                      <test-case name="TestXSuperObject-407-of-1000" executed="True" result="Success" success="True" time="0.000" asserts="0" />
                      <test-case name="TestXSuperObject-408-of-1000" executed="True" result="Success" success="True" time="0.001" asserts="0" />
                      <test-case name="TestXSuperObject-409-of-1000" executed="True" result="Success" success="True" time="0.000" asserts="0" />
                      <test-case name="TestXSuperObject-410-of-1000" executed="True" result="Success" success="True" time="0.001" asserts="0" />
                      <test-case name="TestXSuperObject-411-of-1000" executed="True" result="Success" success="True" time="0.000" asserts="0" />
                      <test-case name="TestXSuperObject-412-of-1000" executed="True" result="Success" success="True" time="0.001" asserts="0" />
                      <test-case name="TestXSuperObject-413-of-1000" executed="True" result="Success" success="True" time="0.000" asserts="0" />
                      <test-case name="TestXSuperObject-414-of-1000" executed="True" result="Success" success="True" time="0.000" asserts="0" />
                      <test-case name="TestXSuperObject-415-of-1000" executed="True" result="Success" success="True" time="0.000" asserts="0" />
                      <test-case name="TestXSuperObject-416-of-1000" executed="True" result="Success" success="True" time="0.000" asserts="0" />
                      <test-case name="TestXSuperObject-417-of-1000" executed="True" result="Success" success="True" time="0.001" asserts="0" />
                      <test-case name="TestXSuperObject-418-of-1000" executed="True" result="Success" success="True" time="0.000" asserts="0" />
                      <test-case name="TestXSuperObject-419-of-1000" executed="True" result="Success" success="True" time="0.000" asserts="0" />
                      <test-case name="TestXSuperObject-420-of-1000" executed="True" result="Success" success="True" time="0.001" asserts="0" />
                      <test-case name="TestXSuperObject-421-of-1000" executed="True" result="Success" success="True" time="0.000" asserts="0" />
                      <test-case name="TestXSuperObject-422-of-1000" executed="True" result="Success" success="True" time="0.000" asserts="0" />
                      <test-case name="TestXSuperObject-423-of-1000" executed="True" result="Success" success="True" time="0.001" asserts="0" />
                      <test-case name="TestXSuperObject-424-of-1000" executed="True" result="Success" success="True" time="0.000" asserts="0" />
                      <test-case name="TestXSuperObject-425-of-1000" executed="True" result="Success" success="True" time="0.001" asserts="0" />
                      <test-case name="TestXSuperObject-426-of-1000" executed="True" result="Success" success="True" time="0.000" asserts="0" />
                      <test-case name="TestXSuperObject-427-of-1000" executed="True" result="Success" success="True" time="0.001" asserts="0" />
                      <test-case name="TestXSuperObject-428-of-1000" executed="True" result="Success" success="True" time="0.000" asserts="0" />
                      <test-case name="TestXSuperObject-429-of-1000" executed="True" result="Success" success="True" time="0.001" asserts="0" />
                      <test-case name="TestXSuperObject-430-of-1000" executed="True" result="Success" success="True" time="0.000" asserts="0" />
                      <test-case name="TestXSuperObject-431-of-1000" executed="True" result="Success" success="True" time="0.001" asserts="0" />
                      <test-case name="TestXSuperObject-432-of-1000" executed="True" result="Success" success="True" time="0.000" asserts="0" />
                      <test-case name="TestXSuperObject-433-of-1000" executed="True" result="Success" success="True" time="0.000" asserts="0" />
                      <test-case name="TestXSuperObject-434-of-1000" executed="True" result="Success" success="True" time="0.000" asserts="0" />
                      <test-case name="TestXSuperObject-435-of-1000" executed="True" result="Success" success="True" time="0.001" asserts="0" />
                      <test-case name="TestXSuperObject-436-of-1000" executed="True" result="Success" success="True" time="0.000" asserts="0" />
                      <test-case name="TestXSuperObject-437-of-1000" executed="True" result="Success" success="True" time="0.000" asserts="0" />
                      <test-case name="TestXSuperObject-438-of-1000" executed="True" result="Success" success="True" time="0.000" asserts="0" />
                      <test-case name="TestXSuperObject-439-of-1000" executed="True" result="Success" success="True" time="0.000" asserts="0" />
                      <test-case name="TestXSuperObject-440-of-1000" executed="True" result="Success" success="True" time="0.001" asserts="0" />
                      <test-case name="TestXSuperObject-441-of-1000" executed="True" result="Success" success="True" time="0.000" asserts="0" />
                      <test-case name="TestXSuperObject-442-of-1000" executed="True" result="Success" success="True" time="0.001" asserts="0" />
                      <test-case name="TestXSuperObject-443-of-1000" executed="True" result="Success" success="True" time="0.000" asserts="0" />
                      <test-case name="TestXSuperObject-444-of-1000" executed="True" result="Success" success="True" time="0.001" asserts="0" />
                      <test-case name="TestXSuperObject-445-of-1000" executed="True" result="Success" success="True" time="0.000" asserts="0" />
                      <test-case name="TestXSuperObject-446-of-1000" executed="True" result="Success" success="True" time="0.001" asserts="0" />
                      <test-case name="TestXSuperObject-447-of-1000" executed="True" result="Success" success="True" time="0.000" asserts="0" />
                      <test-case name="TestXSuperObject-448-of-1000" executed="True" result="Success" success="True" time="0.000" asserts="0" />
                      <test-case name="TestXSuperObject-449-of-1000" executed="True" result="Success" success="True" time="0.000" asserts="0" />
                      <test-case name="TestXSuperObject-450-of-1000" executed="True" result="Success" success="True" time="0.000" asserts="0" />
                      <test-case name="TestXSuperObject-451-of-1000" executed="True" result="Success" success="True" time="0.001" asserts="0" />
                      <test-case name="TestXSuperObject-452-of-1000" executed="True" result="Success" success="True" time="0.000" asserts="0" />
                      <test-case name="TestXSuperObject-453-of-1000" executed="True" result="Success" success="True" time="0.001" asserts="0" />
                      <test-case name="TestXSuperObject-454-of-1000" executed="True" result="Success" success="True" time="0.000" asserts="0" />
                      <test-case name="TestXSuperObject-455-of-1000" executed="True" result="Success" success="True" time="0.000" asserts="0" />
                      <test-case name="TestXSuperObject-456-of-1000" executed="True" result="Success" success="True" time="0.000" asserts="0" />
                      <test-case name="TestXSuperObject-457-of-1000" executed="True" result="Success" success="True" time="0.000" asserts="0" />
                      <test-case name="TestXSuperObject-458-of-1000" executed="True" result="Success" success="True" time="0.001" asserts="0" />
                      <test-case name="TestXSuperObject-459-of-1000" executed="True" result="Success" success="True" time="0.000" asserts="0" />
                      <test-case name="TestXSuperObject-460-of-1000" executed="True" result="Success" success="True" time="0.000" asserts="0" />
                      <test-case name="TestXSuperObject-461-of-1000" executed="True" result="Success" success="True" time="0.000" asserts="0" />
                      <test-case name="TestXSuperObject-462-of-1000" executed="True" result="Success" success="True" time="0.001" asserts="0" />
                      <test-case name="TestXSuperObject-463-of-1000" executed="True" result="Success" success="True" time="0.000" asserts="0" />
                      <test-case name="TestXSuperObject-464-of-1000" executed="True" result="Success" success="True" time="0.000" asserts="0" />
                      <test-case name="TestXSuperObject-465-of-1000" executed="True" result="Success" success="True" time="0.001" asserts="0" />
                      <test-case name="TestXSuperObject-466-of-1000" executed="True" result="Success" success="True" time="0.000" asserts="0" />
                      <test-case name="TestXSuperObject-467-of-1000" executed="True" result="Success" success="True" time="0.000" asserts="0" />
                      <test-case name="TestXSuperObject-468-of-1000" executed="True" result="Success" success="True" time="0.000" asserts="0" />
                      <test-case name="TestXSuperObject-469-of-1000" executed="True" result="Success" success="True" time="0.001" asserts="0" />
                      <test-case name="TestXSuperObject-470-of-1000" executed="True" result="Success" success="True" time="0.000" asserts="0" />
                      <test-case name="TestXSuperObject-471-of-1000" executed="True" result="Success" success="True" time="0.000" asserts="0" />
                      <test-case name="TestXSuperObject-472-of-1000" executed="True" result="Success" success="True" time="0.001" asserts="0" />
                      <test-case name="TestXSuperObject-473-of-1000" executed="True" result="Success" success="True" time="0.000" asserts="0" />
                      <test-case name="TestXSuperObject-474-of-1000" executed="True" result="Success" success="True" time="0.000" asserts="0" />
                      <test-case name="TestXSuperObject-475-of-1000" executed="True" result="Success" success="True" time="0.000" asserts="0" />
                      <test-case name="TestXSuperObject-476-of-1000" executed="True" result="Success" success="True" time="0.000" asserts="0" />
                      <test-case name="TestXSuperObject-477-of-1000" executed="True" result="Success" success="True" time="0.000" asserts="0" />
                      <test-case name="TestXSuperObject-478-of-1000" executed="True" result="Success" success="True" time="0.001" asserts="0" />
                      <test-case name="TestXSuperObject-479-of-1000" executed="True" result="Success" success="True" time="0.000" asserts="0" />
                      <test-case name="TestXSuperObject-480-of-1000" executed="True" result="Success" success="True" time="0.001" asserts="0" />
                      <test-case name="TestXSuperObject-481-of-1000" executed="True" result="Success" success="True" time="0.000" asserts="0" />
                      <test-case name="TestXSuperObject-482-of-1000" executed="True" result="Success" success="True" time="0.000" asserts="0" />
                      <test-case name="TestXSuperObject-483-of-1000" executed="True" result="Success" success="True" time="0.000" asserts="0" />
                      <test-case name="TestXSuperObject-484-of-1000" executed="True" result="Success" success="True" time="0.001" asserts="0" />
                      <test-case name="TestXSuperObject-485-of-1000" executed="True" result="Success" success="True" time="0.000" asserts="0" />
                      <test-case name="TestXSuperObject-486-of-1000" executed="True" result="Success" success="True" time="0.001" asserts="0" />
                      <test-case name="TestXSuperObject-487-of-1000" executed="True" result="Success" success="True" time="0.000" asserts="0" />
                      <test-case name="TestXSuperObject-488-of-1000" executed="True" result="Success" success="True" time="0.002" asserts="0" />
                      <test-case name="TestXSuperObject-489-of-1000" executed="True" result="Success" success="True" time="0.000" asserts="0" />
                      <test-case name="TestXSuperObject-490-of-1000" executed="True" result="Success" success="True" time="0.001" asserts="0" />
                      <test-case name="TestXSuperObject-491-of-1000" executed="True" result="Success" success="True" time="0.000" asserts="0" />
                      <test-case name="TestXSuperObject-492-of-1000" executed="True" result="Success" success="True" time="0.000" asserts="0" />
                      <test-case name="TestXSuperObject-493-of-1000" executed="True" result="Success" success="True" time="0.000" asserts="0" />
                      <test-case name="TestXSuperObject-494-of-1000" executed="True" result="Success" success="True" time="0.000" asserts="0" />
                      <test-case name="TestXSuperObject-495-of-1000" executed="True" result="Success" success="True" time="0.001" asserts="0" />
                      <test-case name="TestXSuperObject-496-of-1000" executed="True" result="Success" success="True" time="0.002" asserts="0" />
                      <test-case name="TestXSuperObject-497-of-1000" executed="True" result="Success" success="True" time="0.000" asserts="0" />
                      <test-case name="TestXSuperObject-498-of-1000" executed="True" result="Success" success="True" time="0.000" asserts="0" />
                      <test-case name="TestXSuperObject-499-of-1000" executed="True" result="Success" success="True" time="0.000" asserts="0" />
                      <test-case name="TestXSuperObject-500-of-1000" executed="True" result="Success" success="True" time="0.001" asserts="0" />
                      <test-case name="TestXSuperObject-501-of-1000" executed="True" result="Success" success="True" time="0.000" asserts="0" />
                      <test-case name="TestXSuperObject-502-of-1000" executed="True" result="Success" success="True" time="0.001" asserts="0" />
                      <test-case name="TestXSuperObject-503-of-1000" executed="True" result="Success" success="True" time="0.000" asserts="0" />
                      <test-case name="TestXSuperObject-504-of-1000" executed="True" result="Success" success="True" time="0.000" asserts="0" />
                      <test-case name="TestXSuperObject-505-of-1000" executed="True" result="Success" success="True" time="0.000" asserts="0" />
                      <test-case name="TestXSuperObject-506-of-1000" executed="True" result="Success" success="True" time="0.001" asserts="0" />
                      <test-case name="TestXSuperObject-507-of-1000" executed="True" result="Success" success="True" time="0.000" asserts="0" />
                      <test-case name="TestXSuperObject-508-of-1000" executed="True" result="Success" success="True" time="0.000" asserts="0" />
                      <test-case name="TestXSuperObject-509-of-1000" executed="True" result="Success" success="True" time="0.000" asserts="0" />
                      <test-case name="TestXSuperObject-510-of-1000" executed="True" result="Success" success="True" time="0.000" asserts="0" />
                      <test-case name="TestXSuperObject-511-of-1000" executed="True" result="Success" success="True" time="0.000" asserts="0" />
                      <test-case name="TestXSuperObject-512-of-1000" executed="True" result="Success" success="True" time="0.001" asserts="0" />
                      <test-case name="TestXSuperObject-513-of-1000" executed="True" result="Success" success="True" time="0.000" asserts="0" />
                      <test-case name="TestXSuperObject-514-of-1000" executed="True" result="Success" success="True" time="0.001" asserts="0" />
                      <test-case name="TestXSuperObject-515-of-1000" executed="True" result="Success" success="True" time="0.000" asserts="0" />
                      <test-case name="TestXSuperObject-516-of-1000" executed="True" result="Success" success="True" time="0.001" asserts="0" />
                      <test-case name="TestXSuperObject-517-of-1000" executed="True" result="Success" success="True" time="0.000" asserts="0" />
                      <test-case name="TestXSuperObject-518-of-1000" executed="True" result="Success" success="True" time="0.001" asserts="0" />
                      <test-case name="TestXSuperObject-519-of-1000" executed="True" result="Success" success="True" time="0.000" asserts="0" />
                      <test-case name="TestXSuperObject-520-of-1000" executed="True" result="Success" success="True" time="0.000" asserts="0" />
                      <test-case name="TestXSuperObject-521-of-1000" executed="True" result="Success" success="True" time="0.001" asserts="0" />
                      <test-case name="TestXSuperObject-522-of-1000" executed="True" result="Success" success="True" time="0.000" asserts="0" />
                      <test-case name="TestXSuperObject-523-of-1000" executed="True" result="Success" success="True" time="0.001" asserts="0" />
                      <test-case name="TestXSuperObject-524-of-1000" executed="True" result="Success" success="True" time="0.000" asserts="0" />
                      <test-case name="TestXSuperObject-525-of-1000" executed="True" result="Success" success="True" time="0.000" asserts="0" />
                      <test-case name="TestXSuperObject-526-of-1000" executed="True" result="Success" success="True" time="0.000" asserts="0" />
                      <test-case name="TestXSuperObject-527-of-1000" executed="True" result="Success" success="True" time="0.000" asserts="0" />
                      <test-case name="TestXSuperObject-528-of-1000" executed="True" result="Success" success="True" time="0.000" asserts="0" />
                      <test-case name="TestXSuperObject-529-of-1000" executed="True" result="Success" success="True" time="0.000" asserts="0" />
                      <test-case name="TestXSuperObject-530-of-1000" executed="True" result="Success" success="True" time="0.001" asserts="0" />
                      <test-case name="TestXSuperObject-531-of-1000" executed="True" result="Success" success="True" time="0.000" asserts="0" />
                      <test-case name="TestXSuperObject-532-of-1000" executed="True" result="Success" success="True" time="0.000" asserts="0" />
                      <test-case name="TestXSuperObject-533-of-1000" executed="True" result="Success" success="True" time="0.001" asserts="0" />
                      <test-case name="TestXSuperObject-534-of-1000" executed="True" result="Success" success="True" time="0.000" asserts="0" />
                      <test-case name="TestXSuperObject-535-of-1000" executed="True" result="Success" success="True" time="0.001" asserts="0" />
                      <test-case name="TestXSuperObject-536-of-1000" executed="True" result="Success" success="True" time="0.000" asserts="0" />
                      <test-case name="TestXSuperObject-537-of-1000" executed="True" result="Success" success="True" time="0.000" asserts="0" />
                      <test-case name="TestXSuperObject-538-of-1000" executed="True" result="Success" success="True" time="0.001" asserts="0" />
                      <test-case name="TestXSuperObject-539-of-1000" executed="True" result="Success" success="True" time="0.000" asserts="0" />
                      <test-case name="TestXSuperObject-540-of-1000" executed="True" result="Success" success="True" time="0.001" asserts="0" />
                      <test-case name="TestXSuperObject-541-of-1000" executed="True" result="Success" success="True" time="0.000" asserts="0" />
                      <test-case name="TestXSuperObject-542-of-1000" executed="True" result="Success" success="True" time="0.000" asserts="0" />
                      <test-case name="TestXSuperObject-543-of-1000" executed="True" result="Success" success="True" time="0.000" asserts="0" />
                      <test-case name="TestXSuperObject-544-of-1000" executed="True" result="Success" success="True" time="0.001" asserts="0" />
[...]
                      <test-case name="TestXSuperObject-865-of-1000" executed="True" result="Success" success="True" time="0.001" asserts="0" />
                      <test-case name="TestXSuperObject-866-of-1000" executed="True" result="Success" success="True" time="0.000" asserts="0" />
                      <test-case name="TestXSuperObject-867-of-1000" executed="True" result="Success" success="True" time="0.000" asserts="0" />
                      <test-case name="TestXSuperObject-868-of-1000" executed="True" result="Success" success="True" time="0.000" asserts="0" />
                      <test-case name="TestXSuperObject-869-of-1000" executed="True" result="Success" success="True" time="0.000" asserts="0" />
                      <test-case name="TestXSuperObject-870-of-1000" executed="True" result="Success" success="True" time="0.001" asserts="0" />
                      <test-case name="TestXSuperObject-871-of-1000" executed="True" result="Success" success="True" time="0.000" asserts="0" />
                      <test-case name="TestXSuperObject-872-of-1000" executed="True" result="Success" success="True" time="0.001" asserts="0" />
                      <test-case name="TestXSuperObject-873-of-1000" executed="True" result="Success" success="True" time="0.000" asserts="0" />
                      <test-case name="TestXSuperObject-874-of-1000" executed="True" result="Success" success="True" time="0.000" asserts="0" />
                      <test-case name="TestXSuperObject-875-of-1000" executed="True" result="Success" success="True" time="0.001" asserts="0" />
                      <test-case name="TestXSuperObject-876-of-1000" executed="True" result="Success" success="True" time="0.000" asserts="0" />
                      <test-case name="TestXSuperObject-877-of-1000" executed="True" result="Success" success="True" time="0.001" asserts="0" />
                      <test-case name="TestXSuperObject-878-of-1000" executed="True" result="Success" success="True" time="0.000" asserts="0" />
                      <test-case name="TestXSuperObject-879-of-1000" executed="True" result="Success" success="True" time="0.000" asserts="0" />
                      <test-case name="TestXSuperObject-880-of-1000" executed="True" result="Success" success="True" time="0.001" asserts="0" />
                      <test-case name="TestXSuperObject-881-of-1000" executed="True" result="Success" success="True" time="0.000" asserts="0" />
                      <test-case name="TestXSuperObject-882-of-1000" executed="True" result="Success" success="True" time="0.001" asserts="0" />
                      <test-case name="TestXSuperObject-883-of-1000" executed="True" result="Success" success="True" time="0.000" asserts="0" />
                      <test-case name="TestXSuperObject-884-of-1000" executed="True" result="Success" success="True" time="0.000" asserts="0" />
                      <test-case name="TestXSuperObject-885-of-1000" executed="True" result="Success" success="True" time="0.001" asserts="0" />
                      <test-case name="TestXSuperObject-886-of-1000" executed="True" result="Success" success="True" time="0.000" asserts="0" />
                      <test-case name="TestXSuperObject-887-of-1000" executed="True" result="Success" success="True" time="0.000" asserts="0" />
                      <test-case name="TestXSuperObject-888-of-1000" executed="True" result="Success" success="True" time="0.001" asserts="0" />
                      <test-case name="TestXSuperObject-889-of-1000" executed="True" result="Success" success="True" time="0.000" asserts="0" />
                      <test-case name="TestXSuperObject-890-of-1000" executed="True" result="Success" success="True" time="0.001" asserts="0" />
                      <test-case name="TestXSuperObject-891-of-1000" executed="True" result="Success" success="True" time="0.000" asserts="0" />
                      <test-case name="TestXSuperObject-892-of-1000" executed="True" result="Success" success="True" time="0.000" asserts="0" />
                      <test-case name="TestXSuperObject-893-of-1000" executed="True" result="Success" success="True" time="0.001" asserts="0" />
                      <test-case name="TestXSuperObject-894-of-1000" executed="True" result="Success" success="True" time="0.000" asserts="0" />
                      <test-case name="TestXSuperObject-895-of-1000" executed="True" result="Success" success="True" time="0.000" asserts="0" />
                      <test-case name="TestXSuperObject-896-of-1000" executed="True" result="Success" success="True" time="0.001" asserts="0" />
                      <test-case name="TestXSuperObject-897-of-1000" executed="True" result="Success" success="True" time="0.000" asserts="0" />
                      <test-case name="TestXSuperObject-898-of-1000" executed="True" result="Success" success="True" time="0.000" asserts="0" />
                      <test-case name="TestXSuperObject-899-of-1000" executed="True" result="Success" success="True" time="0.001" asserts="0" />
                      <test-case name="TestXSuperObject-900-of-1000" executed="True" result="Success" success="True" time="0.000" asserts="0" />
                      <test-case name="TestXSuperObject-901-of-1000" executed="True" result="Success" success="True" time="0.000" asserts="0" />
                      <test-case name="TestXSuperObject-902-of-1000" executed="True" result="Success" success="True" time="0.001" asserts="0" />
                      <test-case name="TestXSuperObject-903-of-1000" executed="True" result="Success" success="True" time="0.000" asserts="0" />
                      <test-case name="TestXSuperObject-904-of-1000" executed="True" result="Success" success="True" time="0.001" asserts="0" />
                      <test-case name="TestXSuperObject-905-of-1000" executed="True" result="Success" success="True" time="0.000" asserts="0" />
                      <test-case name="TestXSuperObject-906-of-1000" executed="True" result="Success" success="True" time="0.000" asserts="0" />
                      <test-case name="TestXSuperObject-907-of-1000" executed="True" result="Success" success="True" time="0.001" asserts="0" />
                      <test-case name="TestXSuperObject-908-of-1000" executed="True" result="Success" success="True" time="0.000" asserts="0" />
                      <test-case name="TestXSuperObject-909-of-1000" executed="True" result="Success" success="True" time="0.000" asserts="0" />
                      <test-case name="TestXSuperObject-910-of-1000" executed="True" result="Success" success="True" time="0.001" asserts="0" />
                      <test-case name="TestXSuperObject-911-of-1000" executed="True" result="Success" success="True" time="0.000" asserts="0" />
                      <test-case name="TestXSuperObject-912-of-1000" executed="True" result="Success" success="True" time="0.000" asserts="0" />
                      <test-case name="TestXSuperObject-913-of-1000" executed="True" result="Success" success="True" time="0.001" asserts="0" />
                      <test-case name="TestXSuperObject-914-of-1000" executed="True" result="Success" success="True" time="0.000" asserts="0" />
                      <test-case name="TestXSuperObject-915-of-1000" executed="True" result="Success" success="True" time="0.001" asserts="0" />
                      <test-case name="TestXSuperObject-916-of-1000" executed="True" result="Success" success="True" time="0.000" asserts="0" />
                      <test-case name="TestXSuperObject-917-of-1000" executed="True" result="Success" success="True" time="0.001" asserts="0" />
                      <test-case name="TestXSuperObject-918-of-1000" executed="True" result="Success" success="True" time="0.000" asserts="0" />
                      <test-case name="TestXSuperObject-919-of-1000" executed="True" result="Success" success="True" time="0.001" asserts="0" />
                      <test-case name="TestXSuperObject-920-of-1000" executed="True" result="Success" success="True" time="0.000" asserts="0" />
                      <test-case name="TestXSuperObject-921-of-1000" executed="True" result="Success" success="True" time="0.000" asserts="0" />
                      <test-case name="TestXSuperObject-922-of-1000" executed="True" result="Success" success="True" time="0.000" asserts="0" />
                      <test-case name="TestXSuperObject-923-of-1000" executed="True" result="Success" success="True" time="0.001" asserts="0" />
                      <test-case name="TestXSuperObject-924-of-1000" executed="True" result="Success" success="True" time="0.000" asserts="0" />
                      <test-case name="TestXSuperObject-925-of-1000" executed="True" result="Success" success="True" time="0.001" asserts="0" />
                      <test-case name="TestXSuperObject-926-of-1000" executed="True" result="Success" success="True" time="0.000" asserts="0" />
                      <test-case name="TestXSuperObject-927-of-1000" executed="True" result="Success" success="True" time="0.000" asserts="0" />
                      <test-case name="TestXSuperObject-928-of-1000" executed="True" result="Success" success="True" time="0.000" asserts="0" />
                      <test-case name="TestXSuperObject-929-of-1000" executed="True" result="Success" success="True" time="0.001" asserts="0" />
                      <test-case name="TestXSuperObject-930-of-1000" executed="True" result="Success" success="True" time="0.000" asserts="0" />
                      <test-case name="TestXSuperObject-931-of-1000" executed="True" result="Success" success="True" time="0.000" asserts="0" />
                      <test-case name="TestXSuperObject-932-of-1000" executed="True" result="Success" success="True" time="0.000" asserts="0" />
                      <test-case name="TestXSuperObject-933-of-1000" executed="True" result="Success" success="True" time="0.000" asserts="0" />
                      <test-case name="TestXSuperObject-934-of-1000" executed="True" result="Success" success="True" time="0.001" asserts="0" />
                      <test-case name="TestXSuperObject-935-of-1000" executed="True" result="Success" success="True" time="0.000" asserts="0" />
                      <test-case name="TestXSuperObject-936-of-1000" executed="True" result="Success" success="True" time="0.001" asserts="0" />
                      <test-case name="TestXSuperObject-937-of-1000" executed="True" result="Success" success="True" time="0.000" asserts="0" />
                      <test-case name="TestXSuperObject-938-of-1000" executed="True" result="Success" success="True" time="0.001" asserts="0" />
                      <test-case name="TestXSuperObject-939-of-1000" executed="True" result="Success" success="True" time="0.000" asserts="0" />
                      <test-case name="TestXSuperObject-940-of-1000" executed="True" result="Success" success="True" time="0.001" asserts="0" />
                      <test-case name="TestXSuperObject-941-of-1000" executed="True" result="Success" success="True" time="0.000" asserts="0" />
                      <test-case name="TestXSuperObject-942-of-1000" executed="True" result="Success" success="True" time="0.001" asserts="0" />
                      <test-case name="TestXSuperObject-943-of-1000" executed="True" result="Success" success="True" time="0.000" asserts="0" />
                      <test-case name="TestXSuperObject-944-of-1000" executed="True" result="Success" success="True" time="0.001" asserts="0" />
                      <test-case name="TestXSuperObject-945-of-1000" executed="True" result="Success" success="True" time="0.000" asserts="0" />
                      <test-case name="TestXSuperObject-946-of-1000" executed="True" result="Success" success="True" time="0.000" asserts="0" />
                      <test-case name="TestXSuperObject-947-of-1000" executed="True" result="Success" success="True" time="0.000" asserts="0" />
                      <test-case name="TestXSuperObject-948-of-1000" executed="True" result="Success" success="True" time="0.000" asserts="0" />
                      <test-case name="TestXSuperObject-949-of-1000" executed="True" result="Success" success="True" time="0.000" asserts="0" />
                      <test-case name="TestXSuperObject-950-of-1000" executed="True" result="Success" success="True" time="0.000" asserts="0" />
                      <test-case name="TestXSuperObject-951-of-1000" executed="True" result="Success" success="True" time="0.000" asserts="0" />
                      <test-case name="TestXSuperObject-952-of-1000" executed="True" result="Success" success="True" time="0.000" asserts="0" />
                      <test-case name="TestXSuperObject-953-of-1000" executed="True" result="Success" success="True" time="0.001" asserts="0" />
                      <test-case name="TestXSuperObject-954-of-1000" executed="True" result="Success" success="True" time="0.000" asserts="0" />
                      <test-case name="TestXSuperObject-955-of-1000" executed="True" result="Success" success="True" time="0.000" asserts="0" />
                      <test-case name="TestXSuperObject-956-of-1000" executed="True" result="Success" success="True" time="0.001" asserts="0" />
                      <test-case name="TestXSuperObject-957-of-1000" executed="True" result="Success" success="True" time="0.001" asserts="0" />
                      <test-case name="TestXSuperObject-958-of-1000" executed="True" result="Success" success="True" time="0.000" asserts="0" />
                      <test-case name="TestXSuperObject-959-of-1000" executed="True" result="Success" success="True" time="0.000" asserts="0" />
                      <test-case name="TestXSuperObject-960-of-1000" executed="True" result="Success" success="True" time="0.000" asserts="0" />
                      <test-case name="TestXSuperObject-961-of-1000" executed="True" result="Success" success="True" time="0.000" asserts="0" />
                      <test-case name="TestXSuperObject-962-of-1000" executed="True" result="Success" success="True" time="0.001" asserts="0" />
                      <test-case name="TestXSuperObject-963-of-1000" executed="True" result="Success" success="True" time="0.000" asserts="0" />
                      <test-case name="TestXSuperObject-964-of-1000" executed="True" result="Success" success="True" time="0.000" asserts="0" />
                      <test-case name="TestXSuperObject-965-of-1000" executed="True" result="Success" success="True" time="0.000" asserts="0" />
                      <test-case name="TestXSuperObject-966-of-1000" executed="True" result="Success" success="True" time="0.000" asserts="0" />
                      <test-case name="TestXSuperObject-967-of-1000" executed="True" result="Success" success="True" time="0.001" asserts="0" />
                      <test-case name="TestXSuperObject-968-of-1000" executed="True" result="Success" success="True" time="0.000" asserts="0" />
                      <test-case name="TestXSuperObject-969-of-1000" executed="True" result="Success" success="True" time="0.000" asserts="0" />
                      <test-case name="TestXSuperObject-970-of-1000" executed="True" result="Success" success="True" time="0.000" asserts="0" />
                      <test-case name="TestXSuperObject-971-of-1000" executed="True" result="Success" success="True" time="0.000" asserts="0" />
                      <test-case name="TestXSuperObject-972-of-1000" executed="True" result="Success" success="True" time="0.001" asserts="0" />
                      <test-case name="TestXSuperObject-973-of-1000" executed="True" result="Success" success="True" time="0.000" asserts="0" />
                      <test-case name="TestXSuperObject-974-of-1000" executed="True" result="Success" success="True" time="0.001" asserts="0" />
                      <test-case name="TestXSuperObject-975-of-1000" executed="True" result="Success" success="True" time="0.000" asserts="0" />
                      <test-case name="TestXSuperObject-976-of-1000" executed="True" result="Success" success="True" time="0.000" asserts="0" />
                      <test-case name="TestXSuperObject-977-of-1000" executed="True" result="Success" success="True" time="0.001" asserts="0" />
                      <test-case name="TestXSuperObject-978-of-1000" executed="True" result="Success" success="True" time="0.000" asserts="0" />
                      <test-case name="TestXSuperObject-979-of-1000" executed="True" result="Success" success="True" time="0.001" asserts="0" />
                      <test-case name="TestXSuperObject-980-of-1000" executed="True" result="Success" success="True" time="0.000" asserts="0" />
                      <test-case name="TestXSuperObject-981-of-1000" executed="True" result="Success" success="True" time="0.000" asserts="0" />
                      <test-case name="TestXSuperObject-982-of-1000" executed="True" result="Success" success="True" time="0.001" asserts="0" />
                      <test-case name="TestXSuperObject-983-of-1000" executed="True" result="Success" success="True" time="0.000" asserts="0" />
                      <test-case name="TestXSuperObject-984-of-1000" executed="True" result="Success" success="True" time="0.000" asserts="0" />
                      <test-case name="TestXSuperObject-985-of-1000" executed="True" result="Success" success="True" time="0.001" asserts="0" />
                      <test-case name="TestXSuperObject-986-of-1000" executed="True" result="Success" success="True" time="0.000" asserts="0" />
                      <test-case name="TestXSuperObject-987-of-1000" executed="True" result="Success" success="True" time="0.000" asserts="0" />
                      <test-case name="TestXSuperObject-988-of-1000" executed="True" result="Success" success="True" time="0.000" asserts="0" />
                      <test-case name="TestXSuperObject-989-of-1000" executed="True" result="Success" success="True" time="0.000" asserts="0" />
                      <test-case name="TestXSuperObject-990-of-1000" executed="True" result="Success" success="True" time="0.001" asserts="0" />
                      <test-case name="TestXSuperObject-991-of-1000" executed="True" result="Success" success="True" time="0.000" asserts="0" />
                      <test-case name="TestXSuperObject-992-of-1000" executed="True" result="Success" success="True" time="0.000" asserts="0" />
                      <test-case name="TestXSuperObject-993-of-1000" executed="True" result="Success" success="True" time="0.000" asserts="0" />
                      <test-case name="TestXSuperObject-994-of-1000" executed="True" result="Success" success="True" time="0.000" asserts="0" />
                      <test-case name="TestXSuperObject-995-of-1000" executed="True" result="Success" success="True" time="0.001" asserts="0" />
                      <test-case name="TestXSuperObject-996-of-1000" executed="True" result="Success" success="True" time="0.000" asserts="0" />
                      <test-case name="TestXSuperObject-997-of-1000" executed="True" result="Success" success="True" time="0.000" asserts="0" />
                      <test-case name="TestXSuperObject-998-of-1000" executed="True" result="Success" success="True" time="0.001" asserts="0" />
                      <test-case name="TestXSuperObject-999-of-1000" executed="True" result="Success" success="True" time="0.000" asserts="0" />
                      <test-case name="TestXSuperObject-1000-of-1000" executed="True" result="Success" success="True" time="0.001" asserts="0" />
                    </results>
                  </test-suite>
                </results>
              </test-suite>
          </results>
        </test-suite>
    </results>
  </test-suite>
</test-results>
